C:\Users\Thefi\Desktop\otomasyon\creator\output\-To0KZr715M\en\en.mp4
C:\Users\Thefi\Desktop\otomasyon\creator\output\-To0KZr715M\de\de.mp4
C:\Users\Thefi\Desktop\otomasyon\creator\output\-To0KZr715M\fr\fr.mp4
C:\Users\Thefi\Desktop\otomasyon\creator\output\-To0KZr715M\es\es.mp4
C:\Users\Thefi\Desktop\otomasyon\creator\output\-To0KZr715M\ru\ru.mp4
C:\Users\Thefi\Desktop\otomasyon\creator\output\-To0KZr715M\it\it.mp4
C:\Users\Thefi\Desktop\otomasyon\creator\output\-To0KZr715M\tr\tr.mp4
C:\Users\Thefi\OneDrive\Desktop\n\otomasyon\creator\output\-To0KZr715M\en\en.mp4
C:\Users\Thefi\OneDrive\Desktop\n\otomasyon\creator\output\7Z4MTSxBdmw\en\en.mp4
C:\Users\Thefi\OneDrive\Desktop\n\otomasyon\creator\output\7Z4MTSxBdmw\de\de.mp4
C:\Users\Thefi\OneDrive\Desktop\n\otomasyon\creator\output\qHe2xDz0jw4\en\en.mp4
C:\Users\Thefi\OneDrive\Desktop\n\otomasyon\creator\output\84veADKKITI\en\en.mp4
C:\Users\Thefi\OneDrive\Desktop\n\otomasyon\creator\output\84veADKKITI\de\de.mp4
C:\Users\Thefi\OneDrive\Desktop\n\otomasyon\creator\output\84veADKKITI\fr\fr.mp4
C:\Users\Thefi\OneDrive\Desktop\n\otomasyon\creator\output\84veADKKITI\es\es.mp4
C:\Users\Thefi\OneDrive\Desktop\n\otomasyon\creator\output\84veADKKITI\ru\ru.mp4
C:\Users\Thefi\OneDrive\Desktop\n\otomasyon\creator\output\Q17sfkjVTHM\en\en.mp4
C:\Users\Thefi\OneDrive\Desktop\n\otomasyon\creator\output\84veADKKITI\tr\tr.mp4
C:\Users\Thefi\OneDrive\Desktop\n\otomasyon\creator\output\Q17sfkjVTHM\de\de.mp4
C:\Users\Thefi\OneDrive\Desktop\n\otomasyon\creator\output\Q17sfkjVTHM\fr\fr.mp4
C:\Users\Thefi\OneDrive\Desktop\n\otomasyon\creator\output\Q17sfkjVTHM\ru\ru.mp4
C:\Users\Thefi\OneDrive\Desktop\n\otomasyon\creator\output\tq0GMNdHo9w\en\en.mp4
C:\Users\Thefi\OneDrive\Desktop\n\otomasyon\creator\output\tq0GMNdHo9w\de\de.mp4
C:\Users\Thefi\OneDrive\Desktop\n\otomasyon\creator\output\Q17sfkjVTHM\tr\tr.mp4
C:\Users\Thefi\OneDrive\Desktop\n\otomasyon\creator\output\tq0GMNdHo9w\fr\fr.mp4
C:\Users\Thefi\OneDrive\Desktop\n\otomasyon\creator\output\tq0GMNdHo9w\es\es.mp4
C:\Users\Thefi\OneDrive\Desktop\n\otomasyon\creator\output\tq0GMNdHo9w\ru\ru.mp4
C:\Users\Thefi\OneDrive\Desktop\n\otomasyon\creator\output\tq0GMNdHo9w\tr\tr.mp4
C:\Users\Thefi\OneDrive\Desktop\n\otomasyon\creator\output\-To0KZr715M\de\de.mp4
C:\Users\Thefi\OneDrive\Desktop\n\otomasyon\creator\output\-To0KZr715M\fr\fr.mp4
C:\Users\Thefi\OneDrive\Desktop\n\otomasyon\creator\output\-To0KZr715M\es\es.mp4
C:\Users\Thefi\OneDrive\Desktop\n\otomasyon\creator\output\-To0KZr715M\ru\ru.mp4
C:\Users\Thefi\OneDrive\Desktop\n\otomasyon\creator\output\mU4Dv8b9MIM\en\en.mp4
C:\Users\Thefi\OneDrive\Desktop\n\otomasyon\creator\output\-To0KZr715M\tr\tr.mp4
C:\Users\Thefi\OneDrive\Desktop\n\otomasyon\creator\output\mU4Dv8b9MIM\fr\fr.mp4
C:\Users\Thefi\OneDrive\Desktop\n\otomasyon\creator\output\mU4Dv8b9MIM\es\es.mp4
C:\Users\Thefi\OneDrive\Desktop\n\otomasyon\creator\output\EFNduPNBvlQ\en\en.mp4
C:\Users\Thefi\OneDrive\Desktop\n\otomasyon\creator\output\mU4Dv8b9MIM\ru\ru.mp4
C:\Users\Thefi\OneDrive\Desktop\n\otomasyon\creator\output\EFNduPNBvlQ\de\de.mp4
C:\Users\Thefi\OneDrive\Desktop\n\otomasyon\creator\output\mU4Dv8b9MIM\tr\tr.mp4
C:\Users\Thefi\OneDrive\Desktop\n\otomasyon\creator\output\EFNduPNBvlQ\fr\fr.mp4
C:\Users\Thefi\OneDrive\Desktop\n\otomasyon\creator\output\EFNduPNBvlQ\es\es.mp4
C:\Users\Thefi\OneDrive\Desktop\n\otomasyon\creator\output\EFNduPNBvlQ\ru\ru.mp4
C:\Users\Thefi\OneDrive\Desktop\n\otomasyon\creator\output\EFNduPNBvlQ\tr\tr.mp4
